<?xml version="1.0" encoding="UTF-8"?>
<!-- Generated by org.testng.reporters.JUnitReportReporter -->
<testsuite hostname="PCACL-4MD19K3" failures="0" tests="1" name="testcases.TC_002_LoginTest" time="20.996" errors="0" timestamp="2024-05-02T15:24:47 IST" skipped="0">
  <testcase classname="testcases.TC_002_LoginTest" name="verify_login" time="20.996"/>
  <system-out/>
</testsuite> <!-- testcases.TC_002_LoginTest -->
