<?xml version="1.0" encoding="UTF-8"?>
<!-- Generated by org.testng.reporters.JUnitReportReporter -->
<testsuite hostname="PCACL-4MD19K3" failures="0" tests="1" name="testcases.TC001_AccountRegistrationTest" time="13.391" errors="0" timestamp="2024-05-02T15:24:47 IST" skipped="0">
  <testcase classname="testcases.TC001_AccountRegistrationTest" name="Verify_Account_Registration" time="13.391"/>
  <system-out/>
</testsuite> <!-- testcases.TC001_AccountRegistrationTest -->
